0 info it worked if it ends with ok
1 verbose cli [ 'node', '/usr/local/bin/npm', 'publish', './' ]
2 info using npm@2.13.0
3 info using node@v0.10.25
4 verbose publish [ './' ]
5 silly cache add args [ './', null ]
6 verbose cache add spec ./
7 silly cache add parsed spec { raw: './',
7 silly cache add   scope: null,
7 silly cache add   name: null,
7 silly cache add   rawSpec: './',
7 silly cache add   spec: '/Users/henrik/Development/hedlund/generator-phaser-docker-typescript',
7 silly cache add   type: 'directory' }
8 verbose addLocalDirectory /Users/henrik/.npm/generator-phaser-docker-typescript/0.4.0/package.tgz not in flight; packing
9 verbose tar pack [ '/Users/henrik/.npm/generator-phaser-docker-typescript/0.4.0/package.tgz',
9 verbose tar pack   '/Users/henrik/Development/hedlund/generator-phaser-docker-typescript' ]
10 verbose tarball /Users/henrik/.npm/generator-phaser-docker-typescript/0.4.0/package.tgz
11 verbose folder /Users/henrik/Development/hedlund/generator-phaser-docker-typescript
12 info prepublish generator-phaser-docker-typescript@0.4.0
13 verbose addLocalTarball adding from inside cache /Users/henrik/.npm/generator-phaser-docker-typescript/0.4.0/package.tgz
14 silly cache afterAdd generator-phaser-docker-typescript@0.4.0
15 verbose afterAdd /Users/henrik/.npm/generator-phaser-docker-typescript/0.4.0/package/package.json not in flight; writing
16 verbose afterAdd /Users/henrik/.npm/generator-phaser-docker-typescript/0.4.0/package/package.json written
17 silly publish { name: 'generator-phaser-docker-typescript',
17 silly publish   version: '0.4.0',
17 silly publish   description: 'A basic Phaser TypeScript generator using Docker to serve the game files',
17 silly publish   files: [ 'app' ],
17 silly publish   author:
17 silly publish    { name: 'Henrik Hedlund',
17 silly publish      email: 'henrik@hedlund.im',
17 silly publish      url: 'http://hedlund.im' },
17 silly publish   keywords: [ 'yeoman-generator' ],
17 silly publish   license: 'MIT',
17 silly publish   dependencies:
17 silly publish    { 'yeoman-generator': '~0.20.1',
17 silly publish      lodash: '~3.10.0',
17 silly publish      chalk: '~1.1.0' },
17 silly publish   readme: '# generator-phaser-docker-typescript\n\nA basic Phaser TypeScript generator using Docker to serve the game files.\n\n## Getting started\n\nInstall [Yeoman](http://yeoman.io/), [Bower](http://bower.io/) and [TSD](http://definitelytyped.org/tsd/):\n\n\t$ npm install -g yo bower tsd\n',
17 silly publish   readmeFilename: 'README.md',
17 silly publish   gitHead: 'dbe92c5be529bded92dd81da27c70c76aef0228f',
17 silly publish   _id: 'generator-phaser-docker-typescript@0.4.0',
17 silly publish   scripts: {},
17 silly publish   _shasum: '9c93228ebbb8fec1265d5a8e655ac8b94e710584',
17 silly publish   _from: '.' }
18 verbose getPublishConfig undefined
19 silly mapToRegistry name generator-phaser-docker-typescript
20 silly mapToRegistry using default registry
21 silly mapToRegistry registry https://registry.npmjs.org/
22 silly mapToRegistry uri https://registry.npmjs.org/generator-phaser-docker-typescript
23 verbose publish registryBase https://registry.npmjs.org/
24 silly publish uploading /Users/henrik/.npm/generator-phaser-docker-typescript/0.4.0/package.tgz
25 verbose request uri https://registry.npmjs.org/generator-phaser-docker-typescript
26 verbose request sending authorization for write operation
27 info attempt registry request try #1 at 21:58:21
28 verbose request using bearer token for auth
29 verbose request id 90f64c6dad64ef10
30 http request PUT https://registry.npmjs.org/generator-phaser-docker-typescript
31 http 403 https://registry.npmjs.org/generator-phaser-docker-typescript
32 verbose headers { 'content-type': 'application/json',
32 verbose headers   'cache-control': 'max-age=60',
32 verbose headers   'content-length': '95',
32 verbose headers   'accept-ranges': 'bytes',
32 verbose headers   date: 'Sun, 12 Jul 2015 19:58:22 GMT',
32 verbose headers   via: '1.1 varnish',
32 verbose headers   connection: 'keep-alive',
32 verbose headers   'x-served-by': 'cache-ams4123-AMS',
32 verbose headers   'x-cache': 'MISS',
32 verbose headers   'x-cache-hits': '0',
32 verbose headers   'x-timer': 'S1436731101.352946,VS0,VE960' }
33 verbose request invalidating /Users/henrik/.npm/registry.npmjs.org/generator-phaser-docker-typescript on PUT
34 error publish Failed PUT 403
35 verbose stack Error: "You cannot publish over the previously published version 0.4.0." : generator-phaser-docker-typescript
35 verbose stack     at CachingRegistryClient.<anonymous> (/usr/local/lib/node_modules/npm/node_modules/npm-registry-client/lib/request.js:247:14)
35 verbose stack     at Request._callback (/usr/local/lib/node_modules/npm/node_modules/npm-registry-client/lib/request.js:170:14)
35 verbose stack     at Request.self.callback (/usr/local/lib/node_modules/npm/node_modules/request/request.js:197:22)
35 verbose stack     at Request.EventEmitter.emit (events.js:98:17)
35 verbose stack     at Request.<anonymous> (/usr/local/lib/node_modules/npm/node_modules/request/request.js:1050:14)
35 verbose stack     at Request.EventEmitter.emit (events.js:117:20)
35 verbose stack     at IncomingMessage.<anonymous> (/usr/local/lib/node_modules/npm/node_modules/request/request.js:996:12)
35 verbose stack     at IncomingMessage.EventEmitter.emit (events.js:117:20)
35 verbose stack     at _stream_readable.js:920:16
35 verbose stack     at process._tickCallback (node.js:415:13)
36 verbose statusCode 403
37 verbose pkgid generator-phaser-docker-typescript
38 verbose cwd /Users/henrik/Development/hedlund/generator-phaser-docker-typescript
39 error Darwin 14.3.0
40 error argv "node" "/usr/local/bin/npm" "publish" "./"
41 error node v0.10.25
42 error npm  v2.13.0
43 error code E403
44 error "You cannot publish over the previously published version 0.4.0." : generator-phaser-docker-typescript
45 error If you need help, you may report this error at:
45 error     <https://github.com/npm/npm/issues>
46 verbose exit [ 1, true ]
